[www.growtopia.pw/index.html]
[backblue.gif]
[fade.gif]
[index.html]
[s3.eu-west-1.amazonaws.com/cdn.growtopiagame.com/website/resources/assets/images/logo_navibar.png]
[s3.eu-west-1.amazonaws.com/cdn.growtopiagame.com/website/resources/assets/images/ubi_icon.png]
[s3.eu-west-1.amazonaws.com/cdn.growtopiagame.com/website/resources/vendors/jquery/jquery-2.1.4.min.js]
[s3.eu-west-1.amazonaws.com/cdn.growtopiagame.com/website/resources/vendors/jquery.easing/jquery.easing.1.3.min.js]
[s3.eu-west-1.amazonaws.com/cdn.growtopiagame.com/website/resources/vendors/bootstrap/javascripts/bootstrap.min.js]
[s3.eu-west-1.amazonaws.com/cdn.growtopiagame.com/website/resources/assets/js/faq-custom.js]
[www.growtopia.pw/index.html]
[s3.eu-west-1.amazonaws.com/cdn.growtopiagame.com/website/resources/vendors/font-awesome/css/font-awesome.min.css]
[s3.eu-west-1.amazonaws.com/cdn.growtopiagame.com/website/resources/assets/css/faq-main.css]
[s3.eu-west-1.amazonaws.com/cdn.growtopiagame.com/website/resources/assets/images/gt-WebShop-Gem-Icon.png]
[s3.eu-west-1.amazonaws.com/cdn.growtopiagame.com/website/resources/assets/images/Grow_Fankit-Icon.png]
[s3.eu-west-1.amazonaws.com/cdn.growtopiagame.com/website/resources/assets/images/Grow_Fankit-Winterfest-Icon.png]
[s3.eu-west-1.amazonaws.com/cdn.growtopiagame.com/website/resources/assets/images/Grow_Fankit-Spring-Icon.png]
[s3.eu-west-1.amazonaws.com/cdn.growtopiagame.com/website/resources/assets/images/Sandtopian.png]
[s3.eu-west-1.amazonaws.com/cdn.growtopiagame.com/website/resources/assets/images/Grow_Fankit-Autumn-Icon.png]
[s3.eu-west-1.amazonaws.com/cdn.growtopiagame.com/website/resources/assets/images/grow_dude_sign.png]
[s3.eu-west-1.amazonaws.com/cdn.growtopiagame.com/website/resources/assets/images/grow_dirt_faq.png]
[s3.eu-west-1.amazonaws.com/cdn.growtopiagame.com/website/resources/assets/css/faq-custom.css]
